This file contains any messages produced by compilers while
running configure, to aid debugging if configure makes a mistake.

It was created by configure, which was
generated by GNU Autoconf 2.61.  Invocation command line was

  $ ./configure 

## --------- ##
## Platform. ##
## --------- ##

hostname = flynn-PC
uname -m = x86_64
uname -r = 1.7.25(0.270/5/3)
uname -s = CYGWIN_NT-6.1
uname -v = 2013-08-31 20:37

/usr/bin/uname -p = unknown
/bin/uname -X     = unknown

/bin/arch              = x86_64
/usr/bin/arch -k       = unknown
/usr/convex/getsysinfo = unknown
/usr/bin/hostinfo      = unknown
/bin/machine           = unknown
/usr/bin/oslevel       = unknown
/bin/universe          = unknown

PATH: /usr/bin
PATH: /
PATH: /cygdrive/c/Program Files (x86)/NVIDIA Corporation/PhysX/Common
PATH: /cygdrive/c/Windows/system32
PATH: /cygdrive/c/Windows
PATH: /cygdrive/c/Windows/System32/Wbem
PATH: /cygdrive/c/Windows/System32/WindowsPowerShell/v1.0
PATH: /cygdrive/c/Program Files (x86)/Microsoft SQL Server/100/Tools/Binn
PATH: /cygdrive/c/Program Files/Microsoft SQL Server/100/Tools/Binn
PATH: /cygdrive/c/Program Files/Microsoft SQL Server/100/DTS/Binn
PATH: /cygdrive/f/progenv/opencv-2.4.6/opencv/build/x64/vc10/bin
PATH: /cygdrive/f/progenv/opencv-2.4.6/opencv/build/x86/vc10/bin
PATH: /cygdrive/c/Program Files (x86)/NVIDIA Corporation/PhysX/Common
PATH: /cygdrive/c/Windows/system32
PATH: /cygdrive/c/Windows
PATH: /cygdrive/c/Windows/System32/Wbem
PATH: /cygdrive/c/Windows/System32/WindowsPowerShell/v1.0
PATH: /cygdrive/c/Program Files (x86)/Microsoft SQL Server/100/Tools/Binn
PATH: /cygdrive/c/Program Files/Microsoft SQL Server/100/Tools/Binn
PATH: /cygdrive/c/Program Files/Microsoft SQL Server/100/DTS/Binn
PATH: /cygdrive/f/progenv/java/jdk-7u45/bin
PATH: /cygdrive/f/progenv/CMake-2.8/bin
PATH: .
PATH: /opt/opencv-2.4.6.1/bin
PATH: .


## ----------- ##
## Core tests. ##
## ----------- ##

configure:1753: checking for gcc
configure:1769: found /usr/bin/gcc
configure:1780: result: gcc
configure:2018: checking for C compiler version
configure:2025: gcc --version >&5
gcc (GCC) 4.8.1
Copyright (C) 2013 Free Software Foundation, Inc.
This is free software; see the source for copying conditions.  There is NO
warranty; not even for MERCHANTABILITY or FITNESS FOR A PARTICULAR PURPOSE.

configure:2028: $? = 0
configure:2035: gcc -v >&5
Using built-in specs.
COLLECT_GCC=gcc
COLLECT_LTO_WRAPPER=/usr/lib/gcc/x86_64-pc-cygwin/4.8.1/lto-wrapper.exe
Target: x86_64-pc-cygwin
Configured with: /cygdrive/i/szsz/tmpp/cygwin64/gcc/gcc-4.8.1-3/src/gcc-4.8.1/configure --srcdir=/cygdrive/i/szsz/tmpp/cygwin64/gcc/gcc-4.8.1-3/src/gcc-4.8.1 --prefix=/usr --exec-prefix=/usr --bindir=/usr/bin --sbindir=/usr/sbin --libexecdir=/usr/lib --datadir=/usr/share --localstatedir=/var --sysconfdir=/etc --datarootdir=/usr/share --docdir=/usr/share/doc/gcc -C --build=x86_64-pc-cygwin --host=x86_64-pc-cygwin --target=x86_64-pc-cygwin --without-libiconv-prefix --without-libintl-prefix --enable-shared --enable-shared-libgcc --enable-static --enable-version-specific-runtime-libs --enable-bootstrap --disable-__cxa_atexit --with-dwarf2 --with-tune=generic --enable-languages=c,c++,fortran,lto,objc,obj-c++ --enable-graphite --enable-threads=posix --enable-libatomic --enable-libgomp --disable-libitm --enable-libquadmath --enable-libquadmath-support --enable-libssp --enable-libgcj-sublibs --disable-java-awt --disable-symvers --with-ecj-jar=/usr/share/java/ecj.jar --with-gnu-ld --with-gnu-as --with-cloog-include=/usr/include/cloog-isl --without-libiconv-prefix --without-libintl-prefix --with-system-zlib
Thread model: posix
gcc version 4.8.1 (GCC) 
configure:2038: $? = 0
configure:2045: gcc -V >&5
gcc: error: unrecognized command line option '-V'
gcc: fatal error: no input files
compilation terminated.
configure:2048: $? = 1
configure:2071: checking for C compiler default output file name
configure:2098: gcc    conftest.c  >&5
configure:2101: $? = 0
configure:2139: result: a.exe
configure:2156: checking whether the C compiler works
configure:2166: ./a.exe
configure:2169: $? = 0
configure:2186: result: yes
configure:2193: checking whether we are cross compiling
configure:2195: result: no
configure:2198: checking for suffix of executables
configure:2205: gcc -o conftest.exe    conftest.c  >&5
configure:2208: $? = 0
configure:2232: result: .exe
configure:2238: checking for suffix of object files
configure:2264: gcc -c   conftest.c >&5
configure:2267: $? = 0
configure:2290: result: o
configure:2294: checking whether we are using the GNU C compiler
configure:2323: gcc -c   conftest.c >&5
configure:2329: $? = 0
configure:2346: result: yes
configure:2351: checking whether gcc accepts -g
configure:2381: gcc -c -g  conftest.c >&5
configure:2387: $? = 0
configure:2486: result: yes
configure:2503: checking for gcc option to accept ISO C89
configure:2577: gcc  -c -g -O2  conftest.c >&5
configure:2583: $? = 0
configure:2606: result: none needed
configure:2668: checking for a BSD-compatible install
configure:2724: result: /usr/bin/install -c
configure:2736: checking for an ANSI C-conforming const
configure:2811: gcc -c -g -O2  conftest.c >&5
configure:2817: $? = 0
configure:2832: result: yes
configure:2875: checking whether sys_siglist is declared
configure:2910: gcc -c -g -O2  conftest.c >&5
configure:2916: $? = 0
configure:2931: result: yes
configure:2956: checking how to run the C preprocessor
configure:2996: gcc -E  conftest.c
configure:3002: $? = 0
configure:3033: gcc -E  conftest.c
conftest.c:9:28: fatal error: ac_nonexistent.h: No such file or directory
 #include <ac_nonexistent.h>
                            ^
compilation terminated.
configure:3039: $? = 1
configure: failed program was:
| /* confdefs.h.  */
| #define PACKAGE_NAME ""
| #define PACKAGE_TARNAME ""
| #define PACKAGE_VERSION ""
| #define PACKAGE_STRING ""
| #define PACKAGE_BUGREPORT ""
| #define HAVE_DECL_SYS_SIGLIST 1
| /* end confdefs.h.  */
| #include <ac_nonexistent.h>
configure:3072: result: gcc -E
configure:3101: gcc -E  conftest.c
configure:3107: $? = 0
configure:3138: gcc -E  conftest.c
conftest.c:9:28: fatal error: ac_nonexistent.h: No such file or directory
 #include <ac_nonexistent.h>
                            ^
compilation terminated.
configure:3144: $? = 1
configure: failed program was:
| /* confdefs.h.  */
| #define PACKAGE_NAME ""
| #define PACKAGE_TARNAME ""
| #define PACKAGE_VERSION ""
| #define PACKAGE_STRING ""
| #define PACKAGE_BUGREPORT ""
| #define HAVE_DECL_SYS_SIGLIST 1
| /* end confdefs.h.  */
| #include <ac_nonexistent.h>
configure:3182: checking for grep that handles long lines and -e
configure:3256: result: /usr/bin/grep
configure:3261: checking for egrep
configure:3339: result: /usr/bin/grep -E
configure:3344: checking for ANSI C header files
configure:3374: gcc -c -g -O2  conftest.c >&5
configure:3380: $? = 0
configure:3479: gcc -o conftest.exe -g -O2   conftest.c  >&5
configure:3482: $? = 0
configure:3488: ./conftest.exe
configure:3491: $? = 0
configure:3508: result: yes
configure:3532: checking for sys/types.h
configure:3553: gcc -c -g -O2  conftest.c >&5
configure:3559: $? = 0
configure:3575: result: yes
configure:3532: checking for sys/stat.h
configure:3553: gcc -c -g -O2  conftest.c >&5
configure:3559: $? = 0
configure:3575: result: yes
configure:3532: checking for stdlib.h
configure:3553: gcc -c -g -O2  conftest.c >&5
configure:3559: $? = 0
configure:3575: result: yes
configure:3532: checking for string.h
configure:3553: gcc -c -g -O2  conftest.c >&5
configure:3559: $? = 0
configure:3575: result: yes
configure:3532: checking for memory.h
configure:3553: gcc -c -g -O2  conftest.c >&5
configure:3559: $? = 0
configure:3575: result: yes
configure:3532: checking for strings.h
configure:3553: gcc -c -g -O2  conftest.c >&5
configure:3559: $? = 0
configure:3575: result: yes
configure:3532: checking for inttypes.h
configure:3553: gcc -c -g -O2  conftest.c >&5
configure:3559: $? = 0
configure:3575: result: yes
configure:3532: checking for stdint.h
configure:3553: gcc -c -g -O2  conftest.c >&5
configure:3559: $? = 0
configure:3575: result: yes
configure:3532: checking for unistd.h
configure:3553: gcc -c -g -O2  conftest.c >&5
configure:3559: $? = 0
configure:3575: result: yes
configure:3593: checking for string.h
configure:3599: result: yes
configure:3593: checking for unistd.h
configure:3599: result: yes
configure:3736: checking for sys/types.h
configure:3742: result: yes
configure:3746: checking sys/select.h usability
configure:3763: gcc -c -g -O2  conftest.c >&5
configure:3769: $? = 0
configure:3783: result: yes
configure:3787: checking sys/select.h presence
configure:3802: gcc -E  conftest.c
configure:3808: $? = 0
configure:3822: result: yes
configure:3850: checking for sys/select.h
configure:3858: result: yes
configure:3746: checking sys/socket.h usability
configure:3763: gcc -c -g -O2  conftest.c >&5
configure:3769: $? = 0
configure:3783: result: yes
configure:3787: checking sys/socket.h presence
configure:3802: gcc -E  conftest.c
configure:3808: $? = 0
configure:3822: result: yes
configure:3850: checking for sys/socket.h
configure:3858: result: yes
configure:3746: checking sys/time.h usability
configure:3763: gcc -c -g -O2  conftest.c >&5
configure:3769: $? = 0
configure:3783: result: yes
configure:3787: checking sys/time.h presence
configure:3802: gcc -E  conftest.c
configure:3808: $? = 0
configure:3822: result: yes
configure:3850: checking for sys/time.h
configure:3858: result: yes
configure:3887: checking libintl.h usability
configure:3904: gcc -c -g -O2  conftest.c >&5
configure:3910: $? = 0
configure:3924: result: yes
configure:3928: checking libintl.h presence
configure:3943: gcc -E  conftest.c
configure:3949: $? = 0
configure:3963: result: yes
configure:3991: checking for libintl.h
configure:3999: result: yes
configure:3887: checking sys/un.h usability
configure:3904: gcc -c -g -O2  conftest.c >&5
configure:3910: $? = 0
configure:3924: result: yes
configure:3928: checking sys/un.h presence
configure:3943: gcc -E  conftest.c
configure:3949: $? = 0
configure:3963: result: yes
configure:3991: checking for sys/un.h
configure:3999: result: yes
configure:4028: checking sgtty.h usability
configure:4045: gcc -c -g -O2  conftest.c >&5
conftest.c:60:19: fatal error: sgtty.h: No such file or directory
 #include <sgtty.h>
                   ^
compilation terminated.
configure:4051: $? = 1
configure: failed program was:
| /* confdefs.h.  */
| #define PACKAGE_NAME ""
| #define PACKAGE_TARNAME ""
| #define PACKAGE_VERSION ""
| #define PACKAGE_STRING ""
| #define PACKAGE_BUGREPORT ""
| #define HAVE_DECL_SYS_SIGLIST 1
| #define STDC_HEADERS 1
| #define HAVE_SYS_TYPES_H 1
| #define HAVE_SYS_STAT_H 1
| #define HAVE_STDLIB_H 1
| #define HAVE_STRING_H 1
| #define HAVE_MEMORY_H 1
| #define HAVE_STRINGS_H 1
| #define HAVE_INTTYPES_H 1
| #define HAVE_STDINT_H 1
| #define HAVE_UNISTD_H 1
| #define HAVE_STRING_H 1
| #define HAVE_UNISTD_H 1
| #define HAVE_SYS_TYPES_H 1
| #define HAVE_SYS_SELECT_H 1
| #define HAVE_SYS_SOCKET_H 1
| #define HAVE_SYS_TIME_H 1
| #define HAVE_LIBINTL_H 1
| #define HAVE_SYS_UN_H 1
| /* end confdefs.h.  */
| #include <stdio.h>
| #ifdef HAVE_SYS_TYPES_H
| # include <sys/types.h>
| #endif
| #ifdef HAVE_SYS_STAT_H
| # include <sys/stat.h>
| #endif
| #ifdef STDC_HEADERS
| # include <stdlib.h>
| # include <stddef.h>
| #else
| # ifdef HAVE_STDLIB_H
| #  include <stdlib.h>
| # endif
| #endif
| #ifdef HAVE_STRING_H
| # if !defined STDC_HEADERS && defined HAVE_MEMORY_H
| #  include <memory.h>
| # endif
| # include <string.h>
| #endif
| #ifdef HAVE_STRINGS_H
| # include <strings.h>
| #endif
| #ifdef HAVE_INTTYPES_H
| # include <inttypes.h>
| #endif
| #ifdef HAVE_STDINT_H
| # include <stdint.h>
| #endif
| #ifdef HAVE_UNISTD_H
| # include <unistd.h>
| #endif
| #include <sgtty.h>
configure:4065: result: no
configure:4069: checking sgtty.h presence
configure:4084: gcc -E  conftest.c
conftest.c:27:19: fatal error: sgtty.h: No such file or directory
 #include <sgtty.h>
                   ^
compilation terminated.
configure:4090: $? = 1
configure: failed program was:
| /* confdefs.h.  */
| #define PACKAGE_NAME ""
| #define PACKAGE_TARNAME ""
| #define PACKAGE_VERSION ""
| #define PACKAGE_STRING ""
| #define PACKAGE_BUGREPORT ""
| #define HAVE_DECL_SYS_SIGLIST 1
| #define STDC_HEADERS 1
| #define HAVE_SYS_TYPES_H 1
| #define HAVE_SYS_STAT_H 1
| #define HAVE_STDLIB_H 1
| #define HAVE_STRING_H 1
| #define HAVE_MEMORY_H 1
| #define HAVE_STRINGS_H 1
| #define HAVE_INTTYPES_H 1
| #define HAVE_STDINT_H 1
| #define HAVE_UNISTD_H 1
| #define HAVE_STRING_H 1
| #define HAVE_UNISTD_H 1
| #define HAVE_SYS_TYPES_H 1
| #define HAVE_SYS_SELECT_H 1
| #define HAVE_SYS_SOCKET_H 1
| #define HAVE_SYS_TIME_H 1
| #define HAVE_LIBINTL_H 1
| #define HAVE_SYS_UN_H 1
| /* end confdefs.h.  */
| #include <sgtty.h>
configure:4104: result: no
configure:4132: checking for sgtty.h
configure:4140: result: no
configure:4028: checking bsd/sgtty.h usability
configure:4045: gcc -c -g -O2  conftest.c >&5
conftest.c:60:23: fatal error: bsd/sgtty.h: No such file or directory
 #include <bsd/sgtty.h>
                       ^
compilation terminated.
configure:4051: $? = 1
configure: failed program was:
| /* confdefs.h.  */
| #define PACKAGE_NAME ""
| #define PACKAGE_TARNAME ""
| #define PACKAGE_VERSION ""
| #define PACKAGE_STRING ""
| #define PACKAGE_BUGREPORT ""
| #define HAVE_DECL_SYS_SIGLIST 1
| #define STDC_HEADERS 1
| #define HAVE_SYS_TYPES_H 1
| #define HAVE_SYS_STAT_H 1
| #define HAVE_STDLIB_H 1
| #define HAVE_STRING_H 1
| #define HAVE_MEMORY_H 1
| #define HAVE_STRINGS_H 1
| #define HAVE_INTTYPES_H 1
| #define HAVE_STDINT_H 1
| #define HAVE_UNISTD_H 1
| #define HAVE_STRING_H 1
| #define HAVE_UNISTD_H 1
| #define HAVE_SYS_TYPES_H 1
| #define HAVE_SYS_SELECT_H 1
| #define HAVE_SYS_SOCKET_H 1
| #define HAVE_SYS_TIME_H 1
| #define HAVE_LIBINTL_H 1
| #define HAVE_SYS_UN_H 1
| /* end confdefs.h.  */
| #include <stdio.h>
| #ifdef HAVE_SYS_TYPES_H
| # include <sys/types.h>
| #endif
| #ifdef HAVE_SYS_STAT_H
| # include <sys/stat.h>
| #endif
| #ifdef STDC_HEADERS
| # include <stdlib.h>
| # include <stddef.h>
| #else
| # ifdef HAVE_STDLIB_H
| #  include <stdlib.h>
| # endif
| #endif
| #ifdef HAVE_STRING_H
| # if !defined STDC_HEADERS && defined HAVE_MEMORY_H
| #  include <memory.h>
| # endif
| # include <string.h>
| #endif
| #ifdef HAVE_STRINGS_H
| # include <strings.h>
| #endif
| #ifdef HAVE_INTTYPES_H
| # include <inttypes.h>
| #endif
| #ifdef HAVE_STDINT_H
| # include <stdint.h>
| #endif
| #ifdef HAVE_UNISTD_H
| # include <unistd.h>
| #endif
| #include <bsd/sgtty.h>
configure:4065: result: no
configure:4069: checking bsd/sgtty.h presence
configure:4084: gcc -E  conftest.c
conftest.c:27:23: fatal error: bsd/sgtty.h: No such file or directory
 #include <bsd/sgtty.h>
                       ^
compilation terminated.
configure:4090: $? = 1
configure: failed program was:
| /* confdefs.h.  */
| #define PACKAGE_NAME ""
| #define PACKAGE_TARNAME ""
| #define PACKAGE_VERSION ""
| #define PACKAGE_STRING ""
| #define PACKAGE_BUGREPORT ""
| #define HAVE_DECL_SYS_SIGLIST 1
| #define STDC_HEADERS 1
| #define HAVE_SYS_TYPES_H 1
| #define HAVE_SYS_STAT_H 1
| #define HAVE_STDLIB_H 1
| #define HAVE_STRING_H 1
| #define HAVE_MEMORY_H 1
| #define HAVE_STRINGS_H 1
| #define HAVE_INTTYPES_H 1
| #define HAVE_STDINT_H 1
| #define HAVE_UNISTD_H 1
| #define HAVE_STRING_H 1
| #define HAVE_UNISTD_H 1
| #define HAVE_SYS_TYPES_H 1
| #define HAVE_SYS_SELECT_H 1
| #define HAVE_SYS_SOCKET_H 1
| #define HAVE_SYS_TIME_H 1
| #define HAVE_LIBINTL_H 1
| #define HAVE_SYS_UN_H 1
| /* end confdefs.h.  */
| #include <bsd/sgtty.h>
configure:4104: result: no
configure:4132: checking for bsd/sgtty.h
configure:4140: result: no
configure:4154: checking for socklen_t
configure:4180: gcc -c -g -O2  conftest.c >&5
configure:4186: $? = 0
configure:4191: result: yes
configure:4258: checking for long
configure:4288: gcc -c -g -O2  conftest.c >&5
configure:4294: $? = 0
configure:4309: result: yes
configure:4316: checking size of long
configure:4618: gcc -o conftest.exe -g -O2   conftest.c  >&5
configure:4621: $? = 0
configure:4627: ./conftest.exe
configure:4630: $? = 0
configure:4653: result: 8
configure:4664: checking for X
configure:4834: gcc -o conftest.exe -g -O2   conftest.c -lX11  >&5
configure:4840: $? = 0
configure:4899: result: libraries , headers 
configure:4925: checking X11/Xauth.h usability
configure:4942: gcc -c -g -O2  conftest.c >&5
configure:4948: $? = 0
configure:4962: result: yes
configure:4966: checking X11/Xauth.h presence
configure:4981: gcc -E  conftest.c
configure:4987: $? = 0
configure:5001: result: yes
configure:5029: checking for X11/Xauth.h
configure:5036: result: yes
configure:5047: checking for XauGetAuthByAddr in -lXau
configure:5082: gcc -o conftest.exe -g -O2   conftest.c -lXau   >&5
configure:5088: $? = 0
configure:5106: result: yes
configure:5166: checking for socket in -lsocket
configure:5201: gcc -o conftest.exe -g -O2   conftest.c -lsocket   >&5
/usr/lib/gcc/x86_64-pc-cygwin/4.8.1/../../../../x86_64-pc-cygwin/bin/ld: cannot find -lsocket
collect2: error: ld returned 1 exit status
configure:5207: $? = 1
configure: failed program was:
| /* confdefs.h.  */
| #define PACKAGE_NAME ""
| #define PACKAGE_TARNAME ""
| #define PACKAGE_VERSION ""
| #define PACKAGE_STRING ""
| #define PACKAGE_BUGREPORT ""
| #define HAVE_DECL_SYS_SIGLIST 1
| #define STDC_HEADERS 1
| #define HAVE_SYS_TYPES_H 1
| #define HAVE_SYS_STAT_H 1
| #define HAVE_STDLIB_H 1
| #define HAVE_STRING_H 1
| #define HAVE_MEMORY_H 1
| #define HAVE_STRINGS_H 1
| #define HAVE_INTTYPES_H 1
| #define HAVE_STDINT_H 1
| #define HAVE_UNISTD_H 1
| #define HAVE_STRING_H 1
| #define HAVE_UNISTD_H 1
| #define HAVE_SYS_TYPES_H 1
| #define HAVE_SYS_SELECT_H 1
| #define HAVE_SYS_SOCKET_H 1
| #define HAVE_SYS_TIME_H 1
| #define HAVE_LIBINTL_H 1
| #define HAVE_SYS_UN_H 1
| #define SIZEOF_LONG 8
| #define HAVE_XAUTH 1
| #define HAVE_X_WINDOWS 1
| /* end confdefs.h.  */
| 
| /* Override any GCC internal prototype to avoid an error.
|    Use char because int might match the return type of a GCC
|    builtin and then its argument prototype would still apply.  */
| #ifdef __cplusplus
| extern "C"
| #endif
| char socket ();
| int
| main ()
| {
| return socket ();
|   ;
|   return 0;
| }
configure:5225: result: no
configure:5237: checking for inet_ntoa in -lnsl
configure:5272: gcc -o conftest.exe -g -O2   conftest.c -lnsl   >&5
/usr/lib/gcc/x86_64-pc-cygwin/4.8.1/../../../../x86_64-pc-cygwin/bin/ld: cannot find -lnsl
collect2: error: ld returned 1 exit status
configure:5278: $? = 1
configure: failed program was:
| /* confdefs.h.  */
| #define PACKAGE_NAME ""
| #define PACKAGE_TARNAME ""
| #define PACKAGE_VERSION ""
| #define PACKAGE_STRING ""
| #define PACKAGE_BUGREPORT ""
| #define HAVE_DECL_SYS_SIGLIST 1
| #define STDC_HEADERS 1
| #define HAVE_SYS_TYPES_H 1
| #define HAVE_SYS_STAT_H 1
| #define HAVE_STDLIB_H 1
| #define HAVE_STRING_H 1
| #define HAVE_MEMORY_H 1
| #define HAVE_STRINGS_H 1
| #define HAVE_INTTYPES_H 1
| #define HAVE_STDINT_H 1
| #define HAVE_UNISTD_H 1
| #define HAVE_STRING_H 1
| #define HAVE_UNISTD_H 1
| #define HAVE_SYS_TYPES_H 1
| #define HAVE_SYS_SELECT_H 1
| #define HAVE_SYS_SOCKET_H 1
| #define HAVE_SYS_TIME_H 1
| #define HAVE_LIBINTL_H 1
| #define HAVE_SYS_UN_H 1
| #define SIZEOF_LONG 8
| #define HAVE_XAUTH 1
| #define HAVE_X_WINDOWS 1
| /* end confdefs.h.  */
| 
| /* Override any GCC internal prototype to avoid an error.
|    Use char because int might match the return type of a GCC
|    builtin and then its argument prototype would still apply.  */
| #ifdef __cplusplus
| extern "C"
| #endif
| char inet_ntoa ();
| int
| main ()
| {
| return inet_ntoa ();
|   ;
|   return 0;
| }
configure:5296: result: no
configure:5308: checking for gettext in -lintl
configure:5343: gcc -o conftest.exe -g -O2   conftest.c -lintl   >&5
conftest.c:37:6: warning: conflicting types for built-in function 'gettext' [enabled by default]
 char gettext ();
      ^
configure:5349: $? = 0
configure:5367: result: yes
configure:5478: checking for getcwd
configure:5534: gcc -o conftest.exe -g -O2   conftest.c -lintl  >&5
configure:5540: $? = 0
configure:5558: result: yes
configure:5478: checking for memcmp
configure:5534: gcc -o conftest.exe -g -O2   conftest.c -lintl  >&5
conftest.c:55:6: warning: conflicting types for built-in function 'memcmp' [enabled by default]
 char memcmp ();
      ^
configure:5540: $? = 0
configure:5558: result: yes
configure:5478: checking for strerror
configure:5534: gcc -o conftest.exe -g -O2   conftest.c -lintl  >&5
configure:5540: $? = 0
configure:5558: result: yes
configure:5576: checking for internet-domain sockets
configure:5597: result: yes
configure:5599: checking "for sun_len member in struct sockaddr_un"
configure:5626: gcc -o conftest.exe -g -O2   conftest.c -lintl  >&5
conftest.c: In function 'main':
conftest.c:43:31: error: 'struct sockaddr_un' has no member named 'sun_len'
 static struct sockaddr_un x; x.sun_len = 1;
                               ^
configure:5632: $? = 1
configure: failed program was:
| /* confdefs.h.  */
| #define PACKAGE_NAME ""
| #define PACKAGE_TARNAME ""
| #define PACKAGE_VERSION ""
| #define PACKAGE_STRING ""
| #define PACKAGE_BUGREPORT ""
| #define HAVE_DECL_SYS_SIGLIST 1
| #define STDC_HEADERS 1
| #define HAVE_SYS_TYPES_H 1
| #define HAVE_SYS_STAT_H 1
| #define HAVE_STDLIB_H 1
| #define HAVE_STRING_H 1
| #define HAVE_MEMORY_H 1
| #define HAVE_STRINGS_H 1
| #define HAVE_INTTYPES_H 1
| #define HAVE_STDINT_H 1
| #define HAVE_UNISTD_H 1
| #define HAVE_STRING_H 1
| #define HAVE_UNISTD_H 1
| #define HAVE_SYS_TYPES_H 1
| #define HAVE_SYS_SELECT_H 1
| #define HAVE_SYS_SOCKET_H 1
| #define HAVE_SYS_TIME_H 1
| #define HAVE_LIBINTL_H 1
| #define HAVE_SYS_UN_H 1
| #define SIZEOF_LONG 8
| #define HAVE_XAUTH 1
| #define HAVE_X_WINDOWS 1
| #define HAVE_LIBINTL 1
| #define HAVE_GETCWD 1
| #define HAVE_MEMCMP 1
| #define HAVE_STRERROR 1
| #define HAVE_INTERNET_DOMAIN_SOCKETS 1
| /* end confdefs.h.  */
| 
| #include <sys/types.h>
| #include <sys/socket.h>
| #include <sys/un.h>
| 
| int
| main ()
| {
| static struct sockaddr_un x; x.sun_len = 1;
|   ;
|   return 0;
| }
configure:5647: result: no
configure:5668: checking for unix-domain sockets
configure:5689: result: yes
configure:5710: checking for msgget
configure:5766: gcc -o conftest.exe -g -O2   conftest.c -lintl  >&5
configure:5772: $? = 0
configure:5790: result: yes
configure:5805: checking for GNU libc
configure:5833: gcc -c -g -O2  conftest.c >&5
conftest.c: In function 'main':
conftest.c:44:2: error: #error Not a GNU libc system :-(
 #error Not a GNU libc system :-(
  ^
conftest.c:45:9: error: expected expression before '==' token
 ******* ======= ******** &&&&&&&&
         ^
configure:5839: $? = 1
configure: failed program was:
| /* confdefs.h.  */
| #define PACKAGE_NAME ""
| #define PACKAGE_TARNAME ""
| #define PACKAGE_VERSION ""
| #define PACKAGE_STRING ""
| #define PACKAGE_BUGREPORT ""
| #define HAVE_DECL_SYS_SIGLIST 1
| #define STDC_HEADERS 1
| #define HAVE_SYS_TYPES_H 1
| #define HAVE_SYS_STAT_H 1
| #define HAVE_STDLIB_H 1
| #define HAVE_STRING_H 1
| #define HAVE_MEMORY_H 1
| #define HAVE_STRINGS_H 1
| #define HAVE_INTTYPES_H 1
| #define HAVE_STDINT_H 1
| #define HAVE_UNISTD_H 1
| #define HAVE_STRING_H 1
| #define HAVE_UNISTD_H 1
| #define HAVE_SYS_TYPES_H 1
| #define HAVE_SYS_SELECT_H 1
| #define HAVE_SYS_SOCKET_H 1
| #define HAVE_SYS_TIME_H 1
| #define HAVE_LIBINTL_H 1
| #define HAVE_SYS_UN_H 1
| #define SIZEOF_LONG 8
| #define HAVE_XAUTH 1
| #define HAVE_X_WINDOWS 1
| #define HAVE_LIBINTL 1
| #define HAVE_GETCWD 1
| #define HAVE_MEMCMP 1
| #define HAVE_STRERROR 1
| #define HAVE_INTERNET_DOMAIN_SOCKETS 1
| #define HAVE_UNIX_DOMAIN_SOCKETS 1
| #define HAVE_MSGGET 1
| #define HAVE_SYSVIPC 1
| /* end confdefs.h.  */
| #include <features.h>
| int
| main ()
| {
| 
| #if ! (defined __GLIBC__ || defined __GNU_LIBRARY__)
| #error Not a GNU libc system :-(
| ******* ======= ******** &&&&&&&&
| #endif
| 
|   ;
|   return 0;
| }
configure:5853: result: no
configure:5962: creating ./config.status

## ---------------------- ##
## Running config.status. ##
## ---------------------- ##

This file was extended by config.status, which was
generated by GNU Autoconf 2.61.  Invocation command line was

  CONFIG_FILES    = 
  CONFIG_HEADERS  = 
  CONFIG_LINKS    = 
  CONFIG_COMMANDS = 
  $ ./config.status 

on flynn-PC

config.status:597: creating Makefile
config.status:597: creating config.h

## ---------------- ##
## Cache variables. ##
## ---------------- ##

ac_cv_c_compiler_gnu=yes
ac_cv_c_const=yes
ac_cv_env_CC_set=
ac_cv_env_CC_value=
ac_cv_env_CFLAGS_set=
ac_cv_env_CFLAGS_value=
ac_cv_env_CPPFLAGS_set=
ac_cv_env_CPPFLAGS_value=
ac_cv_env_CPP_set=
ac_cv_env_CPP_value=
ac_cv_env_LDFLAGS_set=
ac_cv_env_LDFLAGS_value=
ac_cv_env_LIBS_set=
ac_cv_env_LIBS_value=
ac_cv_env_XMKMF_set=
ac_cv_env_XMKMF_value=
ac_cv_env_build_alias_set=
ac_cv_env_build_alias_value=
ac_cv_env_host_alias_set=
ac_cv_env_host_alias_value=
ac_cv_env_target_alias_set=
ac_cv_env_target_alias_value=
ac_cv_exeext=.exe
ac_cv_func_getcwd=yes
ac_cv_func_memcmp=yes
ac_cv_func_msgget=yes
ac_cv_func_strerror=yes
ac_cv_have_decl_sys_siglist=yes
ac_cv_have_x='have_x=yes	ac_x_includes='\'''\''	ac_x_libraries='\'''\'''
ac_cv_header_X11_Xauth_h=yes
ac_cv_header_bsd_sgtty_h=no
ac_cv_header_inttypes_h=yes
ac_cv_header_libintl_h=yes
ac_cv_header_memory_h=yes
ac_cv_header_sgtty_h=no
ac_cv_header_stdc=yes
ac_cv_header_stdint_h=yes
ac_cv_header_stdlib_h=yes
ac_cv_header_string_h=yes
ac_cv_header_strings_h=yes
ac_cv_header_sys_select_h=yes
ac_cv_header_sys_socket_h=yes
ac_cv_header_sys_stat_h=yes
ac_cv_header_sys_time_h=yes
ac_cv_header_sys_types_h=yes
ac_cv_header_sys_un_h=yes
ac_cv_header_unistd_h=yes
ac_cv_lib_Xau_XauGetAuthByAddr=yes
ac_cv_lib_intl_gettext=yes
ac_cv_lib_nsl_inet_ntoa=no
ac_cv_lib_socket_socket=no
ac_cv_objext=o
ac_cv_path_EGREP='/usr/bin/grep -E'
ac_cv_path_GREP=/usr/bin/grep
ac_cv_path_install='/usr/bin/install -c'
ac_cv_prog_CPP='gcc -E'
ac_cv_prog_ac_ct_CC=gcc
ac_cv_prog_cc_c89=
ac_cv_prog_cc_g=yes
ac_cv_sizeof_long=8
ac_cv_type_long=yes

## ----------------- ##
## Output variables. ##
## ----------------- ##

CC='gcc'
CFLAGS='-g -O2'
CPP='gcc -E'
CPPFLAGS=''
DEFS='-DHAVE_CONFIG_H'
ECHO_C=''
ECHO_N='-n'
ECHO_T=''
EGREP='/usr/bin/grep -E'
EXEEXT='.exe'
GREP='/usr/bin/grep'
INSTALL_DATA='${INSTALL} -m 644'
INSTALL_PROGRAM='${INSTALL}'
INSTALL_SCRIPT='${INSTALL}'
LDFLAGS=''
LIBOBJS=''
LIBS='-lintl '
LIBXAUTH='-lXau'
LTLIBOBJS=''
OBJEXT='o'
PACKAGE_BUGREPORT=''
PACKAGE_NAME=''
PACKAGE_STRING=''
PACKAGE_TARNAME=''
PACKAGE_VERSION=''
PATH_SEPARATOR=':'
SHELL='/bin/sh'
XMKMF=''
ac_ct_CC='gcc'
bindir='${exec_prefix}/bin'
build_alias=''
datadir='${datarootdir}'
datarootdir='${prefix}/share'
docdir='${datarootdir}/doc/${PACKAGE}'
dvidir='${docdir}'
exec_prefix='${prefix}'
host_alias=''
htmldir='${docdir}'
includedir='${prefix}/include'
infodir='${datarootdir}/info'
libdir='${exec_prefix}/lib'
libexecdir='${exec_prefix}/libexec'
localedir='${datarootdir}/locale'
localstatedir='${prefix}/var'
mandir='${datarootdir}/man'
oldincludedir='/usr/include'
pdfdir='${docdir}'
prefix='/usr/local'
program_transform_name='s,x,x,'
psdir='${docdir}'
sbindir='${exec_prefix}/sbin'
sharedstatedir='${prefix}/com'
sysconfdir='${prefix}/etc'
target_alias=''

## ----------- ##
## confdefs.h. ##
## ----------- ##

#define PACKAGE_NAME ""
#define PACKAGE_TARNAME ""
#define PACKAGE_VERSION ""
#define PACKAGE_STRING ""
#define PACKAGE_BUGREPORT ""
#define HAVE_DECL_SYS_SIGLIST 1
#define STDC_HEADERS 1
#define HAVE_SYS_TYPES_H 1
#define HAVE_SYS_STAT_H 1
#define HAVE_STDLIB_H 1
#define HAVE_STRING_H 1
#define HAVE_MEMORY_H 1
#define HAVE_STRINGS_H 1
#define HAVE_INTTYPES_H 1
#define HAVE_STDINT_H 1
#define HAVE_UNISTD_H 1
#define HAVE_STRING_H 1
#define HAVE_UNISTD_H 1
#define HAVE_SYS_TYPES_H 1
#define HAVE_SYS_SELECT_H 1
#define HAVE_SYS_SOCKET_H 1
#define HAVE_SYS_TIME_H 1
#define HAVE_LIBINTL_H 1
#define HAVE_SYS_UN_H 1
#define SIZEOF_LONG 8
#define HAVE_XAUTH 1
#define HAVE_X_WINDOWS 1
#define HAVE_LIBINTL 1
#define HAVE_GETCWD 1
#define HAVE_MEMCMP 1
#define HAVE_STRERROR 1
#define HAVE_INTERNET_DOMAIN_SOCKETS 1
#define HAVE_UNIX_DOMAIN_SOCKETS 1
#define HAVE_MSGGET 1
#define HAVE_SYSVIPC 1

configure: exit 0
